<?xml version="1.0" encoding="UTF-8"?>
<!-- Generated by org.testng.reporters.JUnitReportReporter -->
<testsuite hostname="ATMECSINDT-080" failures="0" tests="6" name="com.atmecs.ninja.testscripts.AddCart" time="23.948" errors="0" timestamp="11 Nov 2019 16:11:54 GMT" skipped="0">
  <testcase classname="com.atmecs.ninja.testscripts.AddCart" name="setup" time="13.700"/>
  <testcase classname="com.atmecs.ninja.testscripts.AddCart" name="clickSearchButton" time="0.171"/>
  <testcase classname="com.atmecs.ninja.testscripts.AddCart" name="enterData" time="5.976"/>
  <testcase classname="com.atmecs.ninja.testscripts.AddCart" name="enterData" time="3.331"/>
  <testcase classname="com.atmecs.ninja.testscripts.AddCart" name="validateCartAfterAdd" time="0.677"/>
  <testcase classname="com.atmecs.ninja.testscripts.AddCart" name="validateAfterRemove" time="0.093"/>
</testsuite> <!-- com.atmecs.ninja.testscripts.AddCart -->
